# JRE version: Java(TM) SE Runtime Environment (8.0_202-b08) (build 1.8.0_202-b08)
# Java VM: Java HotSpot(TM) 64-Bit Server VM (25.202-b08 mixed mode windows-amd64 compressed oops)
Heap:
 PSYoungGen      total 18944K, used 5545K [0x00000000eb300000, 0x00000000ed800000, 0x0000000100000000)
  eden space 16384K, 33% used [0x00000000eb300000,0x00000000eb86a708,0x00000000ec300000)
  from space 2560K, 0% used [0x00000000ec300000,0x00000000ec300000,0x00000000ec580000)
  to   space 2560K, 0% used [0x00000000ed580000,0x00000000ed580000,0x00000000ed800000)
 ParOldGen       total 59392K, used 15661K [0x00000000c1800000, 0x00000000c5200000, 0x00000000eb300000)
  object space 59392K, 26% used [0x00000000c1800000,0x00000000c274b480,0x00000000c5200000)
 Metaspace       used 18082K, capacity 18428K, committed 18688K, reserved 1064960K
  class space    used 2101K, capacity 2218K, committed 2304K, reserved 1048576K
GC Heap History (8 events):
Event: 1.233 GC heap before
{Heap before GC invocations=1 (full 0):
 PSYoungGen      total 18944K, used 16384K [0x00000000eb300000, 0x00000000ec800000, 0x0000000100000000)
  eden space 16384K, 100% used [0x00000000eb300000,0x00000000ec300000,0x00000000ec300000)
  from space 2560K, 0% used [0x00000000ec580000,0x00000000ec580000,0x00000000ec800000)
  to   space 2560K, 0% used [0x00000000ec300000,0x00000000ec300000,0x00000000ec580000)
 ParOldGen       total 44032K, used 0K [0x00000000c1800000, 0x00000000c4300000, 0x00000000eb300000)
  object space 44032K, 0% used [0x00000000c1800000,0x00000000c1800000,0x00000000c4300000)
 Metaspace       used 12505K, capacity 12726K, committed 13056K, reserved 1060864K
  class space    used 1418K, capacity 1485K, committed 1536K, reserved 1048576K
Event: 1.242 GC heap after
Heap after GC invocations=1 (full 0):
 PSYoungGen      total 18944K, used 2544K [0x00000000eb300000, 0x00000000ec800000, 0x0000000100000000)
  eden space 16384K, 0% used [0x00000000eb300000,0x00000000eb300000,0x00000000ec300000)
  from space 2560K, 99% used [0x00000000ec300000,0x00000000ec57c010,0x00000000ec580000)
  to   space 2560K, 0% used [0x00000000ec580000,0x00000000ec580000,0x00000000ec800000)
 ParOldGen       total 44032K, used 2594K [0x00000000c1800000, 0x00000000c4300000, 0x00000000eb300000)
  object space 44032K, 5% used [0x00000000c1800000,0x00000000c1a88bf8,0x00000000c4300000)
 Metaspace       used 12505K, capacity 12726K, committed 13056K, reserved 1060864K
  class space    used 1418K, capacity 1485K, committed 1536K, reserved 1048576K
}
Event: 1.950 GC heap before
{Heap before GC invocations=2 (full 0):
 PSYoungGen      total 18944K, used 17250K [0x00000000eb300000, 0x00000000ec800000, 0x0000000100000000)
  eden space 16384K, 89% used [0x00000000eb300000,0x00000000ec15cbb0,0x00000000ec300000)
  from space 2560K, 99% used [0x00000000ec300000,0x00000000ec57c010,0x00000000ec580000)
  to   space 2560K, 0% used [0x00000000ec580000,0x00000000ec580000,0x00000000ec800000)
 ParOldGen       total 44032K, used 2594K [0x00000000c1800000, 0x00000000c4300000, 0x00000000eb300000)
  object space 44032K, 5% used [0x00000000c1800000,0x00000000c1a88bf8,0x00000000c4300000)
 Metaspace       used 15846K, capacity 16126K, committed 16384K, reserved 1062912K
  class space    used 1834K, capacity 1925K, committed 2048K, reserved 1048576K
Event: 1.957 GC heap after
Heap after GC invocations=2 (full 0):
 PSYoungGen      total 18944K, used 2544K [0x00000000eb300000, 0x00000000ec800000, 0x0000000100000000)
  eden space 16384K, 0% used [0x00000000eb300000,0x00000000eb300000,0x00000000ec300000)
  from space 2560K, 99% used [0x00000000ec580000,0x00000000ec7fc010,0x00000000ec800000)
  to   space 2560K, 0% used [0x00000000ec300000,0x00000000ec300000,0x00000000ec580000)
 ParOldGen       total 44032K, used 5433K [0x00000000c1800000, 0x00000000c4300000, 0x00000000eb300000)
  object space 44032K, 12% used [0x00000000c1800000,0x00000000c1d4e5c0,0x00000000c4300000)
 Metaspace       used 15846K, capacity 16126K, committed 16384K, reserved 1062912K
  class space    used 1834K, capacity 1925K, committed 2048K, reserved 1048576K
}
Event: 2.216 GC heap before
{Heap before GC invocations=3 (full 0):
 PSYoungGen      total 18944K, used 18547K [0x00000000eb300000, 0x00000000ec800000, 0x0000000100000000)
  eden space 16384K, 97% used [0x00000000eb300000,0x00000000ec2a0fd0,0x00000000ec300000)
  from space 2560K, 99% used [0x00000000ec580000,0x00000000ec7fc010,0x00000000ec800000)
  to   space 2560K, 0% used [0x00000000ec300000,0x00000000ec300000,0x00000000ec580000)
 ParOldGen       total 44032K, used 5433K [0x00000000c1800000, 0x00000000c4300000, 0x00000000eb300000)
  object space 44032K, 12% used [0x00000000c1800000,0x00000000c1d4e5c0,0x00000000c4300000)
 Metaspace       used 17401K, capacity 17714K, committed 17792K, reserved 1064960K
  class space    used 2038K, capacity 2151K, committed 2176K, reserved 1048576K
Event: 2.255 GC heap after
Heap after GC invocations=3 (full 0):
 PSYoungGen      total 18944K, used 2560K [0x00000000eb300000, 0x00000000ed800000, 0x0000000100000000)
  eden space 16384K, 0% used [0x00000000eb300000,0x00000000eb300000,0x00000000ec300000)
  from space 2560K, 100% used [0x00000000ec300000,0x00000000ec580000,0x00000000ec580000)
  to   space 2560K, 0% used [0x00000000ed580000,0x00000000ed580000,0x00000000ed800000)
 ParOldGen       total 44032K, used 26551K [0x00000000c1800000, 0x00000000c4300000, 0x00000000eb300000)
  object space 44032K, 60% used [0x00000000c1800000,0x00000000c31ede60,0x00000000c4300000)
 Metaspace       used 17401K, capacity 17714K, committed 17792K, reserved 1064960K
  class space    used 2038K, capacity 2151K, committed 2176K, reserved 1048576K
}
Event: 2.255 GC heap before
{Heap before GC invocations=4 (full 1):
 PSYoungGen      total 18944K, used 2560K [0x00000000eb300000, 0x00000000ed800000, 0x0000000100000000)
  eden space 16384K, 0% used [0x00000000eb300000,0x00000000eb300000,0x00000000ec300000)
  from space 2560K, 100% used [0x00000000ec300000,0x00000000ec580000,0x00000000ec580000)
  to   space 2560K, 0% used [0x00000000ed580000,0x00000000ed580000,0x00000000ed800000)
 ParOldGen       total 44032K, used 26551K [0x00000000c1800000, 0x00000000c4300000, 0x00000000eb300000)
  object space 44032K, 60% used [0x00000000c1800000,0x00000000c31ede60,0x00000000c4300000)
 Metaspace       used 17401K, capacity 17714K, committed 17792K, reserved 1064960K
  class space    used 2038K, capacity 2151K, committed 2176K, reserved 1048576K
Event: 2.320 GC heap after
Heap after GC invocations=4 (full 1):
 PSYoungGen      total 18944K, used 0K [0x00000000eb300000, 0x00000000ed800000, 0x0000000100000000)
  eden space 16384K, 0% used [0x00000000eb300000,0x00000000eb300000,0x00000000ec300000)
  from space 2560K, 0% used [0x00000000ec300000,0x00000000ec300000,0x00000000ec580000)
  to   space 2560K, 0% used [0x00000000ed580000,0x00000000ed580000,0x00000000ed800000)
 ParOldGen       total 59392K, used 15661K [0x00000000c1800000, 0x00000000c5200000, 0x00000000eb300000)
  object space 59392K, 26% used [0x00000000c1800000,0x00000000c274b480,0x00000000c5200000)
 Metaspace       used 17401K, capacity 17714K, committed 17792K, reserved 1064960K
  class space    used 2038K, capacity 2151K, committed 2176K, reserved 1048576K
}

